2025-01-18 10:00:09,378 INFO [Checkpoint FlowFile Repository] o.a.n.c.r.WriteAheadFlowFileRepository Initiating checkpoint of FlowFile Repository
2025-01-18 10:00:09,388 INFO [Checkpoint FlowFile Repository] o.a.n.c.r.WriteAheadFlowFileRepository Successfully checkpointed FlowFile Repository with 0 records in 0 milliseconds
2025-01-18 10:00:24,039 INFO [Cleanup Archive for default] o.a.n.c.repository.FileSystemRepository Successfully deleted 0 files (0 bytes) from archive
2025-01-18 10:00:24,042 INFO [Cleanup Archive for default] o.a.n.c.repository.FileSystemRepository Archive cleanup completed for container default; will now allow writing to this container. Bytes used = 55.37 GB, bytes free = 951.49 GB, capacity = 1,006.85 GB
2025-01-18 10:00:29,388 INFO [Checkpoint FlowFile Repository] o.a.n.c.r.WriteAheadFlowFileRepository Initiating checkpoint of FlowFile Repository
2025-01-18 10:00:29,389 INFO [Checkpoint FlowFile Repository] o.a.n.c.r.WriteAheadFlowFileRepository Successfully checkpointed FlowFile Repository with 0 records in 0 milliseconds
2025-01-18 10:00:49,387 INFO [Checkpoint FlowFile Repository] o.a.n.c.r.WriteAheadFlowFileRepository Initiating checkpoint of FlowFile Repository
2025-01-18 10:00:49,388 INFO [Checkpoint FlowFile Repository] o.a.n.c.r.WriteAheadFlowFileRepository Successfully checkpointed FlowFile Repository with 0 records in 0 milliseconds
2025-01-18 10:01:09,389 INFO [Checkpoint FlowFile Repository] o.a.n.c.r.WriteAheadFlowFileRepository Initiating checkpoint of FlowFile Repository
2025-01-18 10:01:09,391 INFO [Checkpoint FlowFile Repository] o.a.n.c.r.WriteAheadFlowFileRepository Successfully checkpointed FlowFile Repository with 0 records in 0 milliseconds
2025-01-18 10:01:20,649 INFO [Write-Ahead Local State Provider Maintenance] o.a.n.wali.SequentialAccessWriteAheadLog Checkpointed Write-Ahead Log with 2 Records and 0 Swap Files in 2 milliseconds (Stop-the-world time = 1 milliseconds), max Transaction ID 4
2025-01-18 10:01:24,062 INFO [Cleanup Archive for default] o.a.n.c.repository.FileSystemRepository Successfully deleted 0 files (0 bytes) from archive
2025-01-18 10:01:24,063 INFO [Cleanup Archive for default] o.a.n.c.repository.FileSystemRepository Archive cleanup completed for container default; will now allow writing to this container. Bytes used = 55.37 GB, bytes free = 951.49 GB, capacity = 1,006.85 GB
2025-01-18 10:01:29,390 INFO [Checkpoint FlowFile Repository] o.a.n.c.r.WriteAheadFlowFileRepository Initiating checkpoint of FlowFile Repository
2025-01-18 10:01:29,390 INFO [Checkpoint FlowFile Repository] o.a.n.c.r.WriteAheadFlowFileRepository Successfully checkpointed FlowFile Repository with 0 records in 0 milliseconds
2025-01-18 10:01:49,390 INFO [Checkpoint FlowFile Repository] o.a.n.c.r.WriteAheadFlowFileRepository Initiating checkpoint of FlowFile Repository
2025-01-18 10:01:49,391 INFO [Checkpoint FlowFile Repository] o.a.n.c.r.WriteAheadFlowFileRepository Successfully checkpointed FlowFile Repository with 0 records in 0 milliseconds
2025-01-18 10:01:49,697 INFO [NiFi Web Server-128] o.a.nifi.groups.StandardProcessGroup InvokeHTTP[id=78dc956e-0194-1000-273b-8536838cfd62] added to StandardProcessGroup[identifier=78bee024-0194-1000-9adb-90a786b7fa1a,name=NiFi Flow]
2025-01-18 10:01:50,250 INFO [Flow Service Tasks Thread-2] o.a.nifi.controller.StandardFlowService Saved flow controller org.apache.nifi.controller.FlowController@4f179c66 // Another save pending = false
2025-01-18 10:02:09,391 INFO [Checkpoint FlowFile Repository] o.a.n.c.r.WriteAheadFlowFileRepository Initiating checkpoint of FlowFile Repository
2025-01-18 10:02:09,393 INFO [Checkpoint FlowFile Repository] o.a.n.c.r.WriteAheadFlowFileRepository Successfully checkpointed FlowFile Repository with 0 records in 0 milliseconds
2025-01-18 10:02:24,077 INFO [Cleanup Archive for default] o.a.n.c.repository.FileSystemRepository Successfully deleted 0 files (0 bytes) from archive
2025-01-18 10:02:24,078 INFO [Cleanup Archive for default] o.a.n.c.repository.FileSystemRepository Archive cleanup completed for container default; will now allow writing to this container. Bytes used = 55.37 GB, bytes free = 951.49 GB, capacity = 1,006.85 GB
2025-01-18 10:02:29,392 INFO [Checkpoint FlowFile Repository] o.a.n.c.r.WriteAheadFlowFileRepository Initiating checkpoint of FlowFile Repository
2025-01-18 10:02:29,394 INFO [Checkpoint FlowFile Repository] o.a.n.c.r.WriteAheadFlowFileRepository Successfully checkpointed FlowFile Repository with 0 records in 0 milliseconds
2025-01-18 10:02:49,393 INFO [Checkpoint FlowFile Repository] o.a.n.c.r.WriteAheadFlowFileRepository Initiating checkpoint of FlowFile Repository
2025-01-18 10:02:49,394 INFO [Checkpoint FlowFile Repository] o.a.n.c.r.WriteAheadFlowFileRepository Successfully checkpointed FlowFile Repository with 0 records in 0 milliseconds
2025-01-18 10:02:57,274 INFO [Flow Service Tasks Thread-2] o.a.nifi.controller.StandardFlowService Saved flow controller org.apache.nifi.controller.FlowController@4f179c66 // Another save pending = false
2025-01-18 10:02:59,782 INFO [NiFi Web Server-130] o.a.n.c.s.StandardProcessScheduler Starting InvokeHTTP[id=78dc956e-0194-1000-273b-8536838cfd62]
2025-01-18 10:02:59,895 INFO [Timer-Driven Process Thread-7] o.a.n.c.s.TimerDrivenSchedulingAgent Scheduled InvokeHTTP[id=78dc956e-0194-1000-273b-8536838cfd62] to run with 1 threads
2025-01-18 10:03:00,277 INFO [Flow Service Tasks Thread-2] o.a.nifi.controller.StandardFlowService Saved flow controller org.apache.nifi.controller.FlowController@4f179c66 // Another save pending = false
2025-01-18 10:03:09,395 INFO [Checkpoint FlowFile Repository] o.a.n.c.r.WriteAheadFlowFileRepository Initiating checkpoint of FlowFile Repository
2025-01-18 10:03:09,400 INFO [Checkpoint FlowFile Repository] o.a.n.wali.SequentialAccessWriteAheadLog Checkpointed Write-Ahead Log with 0 Records and 0 Swap Files in 5 milliseconds (Stop-the-world time = 3 milliseconds), max Transaction ID 2
2025-01-18 10:03:09,401 INFO [Checkpoint FlowFile Repository] o.a.n.c.r.WriteAheadFlowFileRepository Successfully checkpointed FlowFile Repository with 0 records in 5 milliseconds
2025-01-18 10:03:11,007 INFO [Provenance Query-1] o.a.nifi.provenance.StandardQueryResult Completed Query[ [78dc956e-0194-1000-273b-8536838cfd62] ] comprised of 1 steps in 184 millis. Index found 4 hits. Read 4 events from Event Files.
2025-01-18 10:03:11,008 INFO [Provenance Query-1] o.a.n.provenance.index.lucene.QueryTask Successfully queried index ./provenance_repository/lucene-9-index-1737194584449 for query +processorId:78dc956e-0194-1000-273b-8536838cfd62; retrieved 4 events with a total of 4 hits in 44 millis
2025-01-18 10:03:11,045 INFO [FileSystemRepository Workers Thread-3] o.a.n.c.repository.FileSystemRepository Successfully archived 1 Resource Claims for Container default in 0 millis
2025-01-18 10:03:17,588 INFO [NiFi Web Server-128] o.a.n.c.s.StandardProcessScheduler Stopping InvokeHTTP[id=78dc956e-0194-1000-273b-8536838cfd62]
2025-01-18 10:03:17,589 INFO [Timer-Driven Process Thread-7] o.a.n.c.s.TimerDrivenSchedulingAgent Stopped scheduling InvokeHTTP[id=78dc956e-0194-1000-273b-8536838cfd62] to run
2025-01-18 10:03:17,784 INFO [Flow Service Tasks Thread-2] o.a.nifi.controller.StandardFlowService Saved flow controller org.apache.nifi.controller.FlowController@4f179c66 // Another save pending = false
2025-01-18 10:03:19,288 INFO [Flow Service Tasks Thread-2] o.a.nifi.controller.StandardFlowService Saved flow controller org.apache.nifi.controller.FlowController@4f179c66 // Another save pending = false
2025-01-18 10:03:20,597 INFO [Timer-Driven Process Thread-10] o.a.n.controller.StandardProcessorNode InvokeHTTP[id=78dc956e-0194-1000-273b-8536838cfd62] has completely stopped. Completing any associated Futures.
2025-01-18 10:03:20,647 INFO [Write-Ahead Local State Provider Maintenance] o.a.n.wali.SequentialAccessWriteAheadLog Checkpointed Write-Ahead Log with 2 Records and 0 Swap Files in 2 milliseconds (Stop-the-world time = 1 milliseconds), max Transaction ID 5
2025-01-18 10:03:24,091 INFO [Cleanup Archive for default] o.a.n.c.repository.FileSystemRepository Successfully deleted 0 files (0 bytes) from archive
2025-01-18 10:03:24,092 INFO [Cleanup Archive for default] o.a.n.c.repository.FileSystemRepository Archive cleanup completed for container default; will now allow writing to this container. Bytes used = 55.37 GB, bytes free = 951.49 GB, capacity = 1,006.85 GB
2025-01-18 10:03:29,400 INFO [Checkpoint FlowFile Repository] o.a.n.c.r.WriteAheadFlowFileRepository Initiating checkpoint of FlowFile Repository
2025-01-18 10:03:29,404 INFO [Checkpoint FlowFile Repository] o.a.n.wali.SequentialAccessWriteAheadLog Checkpointed Write-Ahead Log with 0 Records and 0 Swap Files in 3 milliseconds (Stop-the-world time = 1 milliseconds), max Transaction ID 5
2025-01-18 10:03:29,405 INFO [Checkpoint FlowFile Repository] o.a.n.c.r.WriteAheadFlowFileRepository Successfully checkpointed FlowFile Repository with 0 records in 3 milliseconds
2025-01-18 10:03:30,052 INFO [FileSystemRepository Workers Thread-2] o.a.n.c.repository.FileSystemRepository Successfully archived 1 Resource Claims for Container default in 0 millis
2025-01-18 10:03:31,471 INFO [NiFi Web Server-49] o.a.nifi.groups.StandardProcessGroup UpdateRecord[id=78de230e-0194-1000-3883-339d6f45aeee] added to StandardProcessGroup[identifier=78bee024-0194-1000-9adb-90a786b7fa1a,name=NiFi Flow]
2025-01-18 10:03:31,797 INFO [Flow Service Tasks Thread-2] o.a.nifi.controller.StandardFlowService Saved flow controller org.apache.nifi.controller.FlowController@4f179c66 // Another save pending = false
2025-01-18 10:03:47,343 INFO [NiFi Web Server-41] o.a.nifi.controller.ExtensionBuilder Created Controller Service of type org.apache.nifi.json.JsonTreeReader with identifier 78de610b-0194-1000-a3d3-1adf0f6f8f1f
2025-01-18 10:03:47,357 INFO [NiFi Web Server-41] o.a.nifi.groups.StandardProcessGroup StandardControllerServiceNode[service=JsonTreeReader[id=78de610b-0194-1000-a3d3-1adf0f6f8f1f], name=JsonTreeReader, active=false] added to StandardProcessGroup[identifier=78bee024-0194-1000-9adb-90a786b7fa1a,name=NiFi Flow]
2025-01-18 10:03:47,806 INFO [Flow Service Tasks Thread-2] o.a.nifi.controller.StandardFlowService Saved flow controller org.apache.nifi.controller.FlowController@4f179c66 // Another save pending = false
2025-01-18 10:03:49,403 INFO [Checkpoint FlowFile Repository] o.a.n.c.r.WriteAheadFlowFileRepository Initiating checkpoint of FlowFile Repository
2025-01-18 10:03:49,404 INFO [Checkpoint FlowFile Repository] o.a.n.c.r.WriteAheadFlowFileRepository Successfully checkpointed FlowFile Repository with 0 records in 0 milliseconds
2025-01-18 10:03:56,147 INFO [NiFi Web Server-131] o.a.nifi.controller.ExtensionBuilder Created Controller Service of type org.apache.nifi.json.JsonRecordSetWriter with identifier 78de8372-0194-1000-7595-215e023c2e44
2025-01-18 10:03:56,150 INFO [NiFi Web Server-131] o.a.nifi.groups.StandardProcessGroup StandardControllerServiceNode[service=JsonRecordSetWriter[id=78de8372-0194-1000-7595-215e023c2e44], name=JsonRecordSetWriter, active=false] added to StandardProcessGroup[identifier=78bee024-0194-1000-9adb-90a786b7fa1a,name=NiFi Flow]
2025-01-18 10:03:56,312 INFO [Flow Service Tasks Thread-2] o.a.nifi.controller.StandardFlowService Saved flow controller org.apache.nifi.controller.FlowController@4f179c66 // Another save pending = false
2025-01-18 10:04:09,404 INFO [Checkpoint FlowFile Repository] o.a.n.c.r.WriteAheadFlowFileRepository Initiating checkpoint of FlowFile Repository
2025-01-18 10:04:09,405 INFO [Checkpoint FlowFile Repository] o.a.n.c.r.WriteAheadFlowFileRepository Successfully checkpointed FlowFile Repository with 0 records in 0 milliseconds
2025-01-18 10:04:24,106 INFO [Cleanup Archive for default] o.a.n.c.repository.FileSystemRepository Successfully deleted 0 files (0 bytes) from archive
2025-01-18 10:04:24,107 INFO [Cleanup Archive for default] o.a.n.c.repository.FileSystemRepository Archive cleanup completed for container default; will now allow writing to this container. Bytes used = 55.37 GB, bytes free = 951.49 GB, capacity = 1,006.85 GB
2025-01-18 10:04:29,404 INFO [Checkpoint FlowFile Repository] o.a.n.c.r.WriteAheadFlowFileRepository Initiating checkpoint of FlowFile Repository
2025-01-18 10:04:29,405 INFO [Checkpoint FlowFile Repository] o.a.n.c.r.WriteAheadFlowFileRepository Successfully checkpointed FlowFile Repository with 0 records in 0 milliseconds
2025-01-18 10:04:42,831 INFO [Flow Service Tasks Thread-2] o.a.nifi.controller.StandardFlowService Saved flow controller org.apache.nifi.controller.FlowController@4f179c66 // Another save pending = false
2025-01-18 10:04:46,725 INFO [NiFi Web Server-50] o.a.n.c.s.StandardProcessScheduler Enabling StandardControllerServiceNode[service=JsonRecordSetWriter[id=78de8372-0194-1000-7595-215e023c2e44], name=JsonRecordSetWriter, active=false]
2025-01-18 10:04:46,730 INFO [Timer-Driven Process Thread-4] o.a.n.c.s.StandardControllerServiceNode Enabled StandardControllerServiceNode[service=JsonRecordSetWriter[id=78de8372-0194-1000-7595-215e023c2e44], name=JsonRecordSetWriter, active=true]
2025-01-18 10:04:46,835 INFO [Flow Service Tasks Thread-2] o.a.nifi.controller.StandardFlowService Saved flow controller org.apache.nifi.controller.FlowController@4f179c66 // Another save pending = false
2025-01-18 10:04:49,404 INFO [Checkpoint FlowFile Repository] o.a.n.c.r.WriteAheadFlowFileRepository Initiating checkpoint of FlowFile Repository
2025-01-18 10:04:49,405 INFO [Checkpoint FlowFile Repository] o.a.n.c.r.WriteAheadFlowFileRepository Successfully checkpointed FlowFile Repository with 0 records in 0 milliseconds
2025-01-18 10:05:00,835 INFO [NiFi Web Server-51] o.a.n.c.s.StandardProcessScheduler Enabling StandardControllerServiceNode[service=JsonTreeReader[id=78de610b-0194-1000-a3d3-1adf0f6f8f1f], name=JsonTreeReader, active=false]
2025-01-18 10:05:00,842 INFO [Timer-Driven Process Thread-7] o.a.n.c.s.StandardControllerServiceNode Enabled StandardControllerServiceNode[service=JsonTreeReader[id=78de610b-0194-1000-a3d3-1adf0f6f8f1f], name=JsonTreeReader, active=true]
2025-01-18 10:05:00,844 INFO [Flow Service Tasks Thread-2] o.a.nifi.controller.StandardFlowService Saved flow controller org.apache.nifi.controller.FlowController@4f179c66 // Another save pending = false
2025-01-18 10:05:09,405 INFO [Checkpoint FlowFile Repository] o.a.n.c.r.WriteAheadFlowFileRepository Initiating checkpoint of FlowFile Repository
2025-01-18 10:05:09,406 INFO [Checkpoint FlowFile Repository] o.a.n.c.r.WriteAheadFlowFileRepository Successfully checkpointed FlowFile Repository with 0 records in 0 milliseconds
2025-01-18 10:05:19,352 INFO [Flow Service Tasks Thread-2] o.a.nifi.controller.StandardFlowService Saved flow controller org.apache.nifi.controller.FlowController@4f179c66 // Another save pending = false
2025-01-18 10:05:24,121 INFO [Cleanup Archive for default] o.a.n.c.repository.FileSystemRepository Successfully deleted 0 files (0 bytes) from archive
2025-01-18 10:05:24,122 INFO [Cleanup Archive for default] o.a.n.c.repository.FileSystemRepository Archive cleanup completed for container default; will now allow writing to this container. Bytes used = 55.37 GB, bytes free = 951.49 GB, capacity = 1,006.85 GB
2025-01-18 10:05:24,859 INFO [Flow Service Tasks Thread-2] o.a.nifi.controller.StandardFlowService Saved flow controller org.apache.nifi.controller.FlowController@4f179c66 // Another save pending = false
2025-01-18 10:05:29,406 INFO [Checkpoint FlowFile Repository] o.a.n.c.r.WriteAheadFlowFileRepository Initiating checkpoint of FlowFile Repository
2025-01-18 10:05:29,407 INFO [Checkpoint FlowFile Repository] o.a.n.c.r.WriteAheadFlowFileRepository Successfully checkpointed FlowFile Repository with 0 records in 0 milliseconds
2025-01-18 10:05:35,367 INFO [Flow Service Tasks Thread-2] o.a.nifi.controller.StandardFlowService Saved flow controller org.apache.nifi.controller.FlowController@4f179c66 // Another save pending = false
2025-01-18 10:05:39,371 INFO [Flow Service Tasks Thread-2] o.a.nifi.controller.StandardFlowService Saved flow controller org.apache.nifi.controller.FlowController@4f179c66 // Another save pending = false
2025-01-18 10:05:42,906 INFO [NiFi Web Server-51] o.a.n.c.s.StandardProcessScheduler Starting UpdateRecord[id=78de230e-0194-1000-3883-339d6f45aeee]
2025-01-18 10:05:42,946 INFO [Timer-Driven Process Thread-4] o.a.n.c.s.TimerDrivenSchedulingAgent Scheduled UpdateRecord[id=78de230e-0194-1000-3883-339d6f45aeee] to run with 1 threads
2025-01-18 10:05:43,374 INFO [Flow Service Tasks Thread-2] o.a.nifi.controller.StandardFlowService Saved flow controller org.apache.nifi.controller.FlowController@4f179c66 // Another save pending = false
2025-01-18 10:05:45,979 INFO [NiFi Web Server-131] o.a.n.c.s.StandardProcessScheduler Starting InvokeHTTP[id=78dc956e-0194-1000-273b-8536838cfd62]
2025-01-18 10:05:45,982 INFO [Timer-Driven Process Thread-2] o.a.n.c.s.TimerDrivenSchedulingAgent Scheduled InvokeHTTP[id=78dc956e-0194-1000-273b-8536838cfd62] to run with 1 threads
2025-01-18 10:05:46,378 INFO [Flow Service Tasks Thread-2] o.a.nifi.controller.StandardFlowService Saved flow controller org.apache.nifi.controller.FlowController@4f179c66 // Another save pending = false
2025-01-18 10:05:49,407 INFO [Checkpoint FlowFile Repository] o.a.n.c.r.WriteAheadFlowFileRepository Initiating checkpoint of FlowFile Repository
2025-01-18 10:05:49,408 INFO [Checkpoint FlowFile Repository] o.a.n.c.r.WriteAheadFlowFileRepository Successfully checkpointed FlowFile Repository with 0 records in 0 milliseconds
2025-01-18 10:05:50,547 INFO [Provenance Query-2] o.a.nifi.provenance.StandardQueryResult Completed Query[ [78de230e-0194-1000-3883-339d6f45aeee] ] comprised of 1 steps in 5 millis. Index found 0 hits. Read 0 events from Event Files.
2025-01-18 10:05:50,547 INFO [Provenance Query-2] o.a.n.provenance.index.lucene.QueryTask Successfully queried index ./provenance_repository/lucene-9-index-1737194584449 for query +processorId:78de230e-0194-1000-3883-339d6f45aeee; retrieved 0 events with a total of 0 hits in 1 millis
2025-01-18 10:05:59,351 INFO [Provenance Query-1] o.a.nifi.provenance.StandardQueryResult Completed Query[ [78de230e-0194-1000-3883-339d6f45aeee] ] comprised of 1 steps in 25 millis. Index found 6 hits. Read 6 events from Event Files.
2025-01-18 10:05:59,354 INFO [Provenance Query-1] o.a.n.provenance.index.lucene.QueryTask Successfully queried index ./provenance_repository/lucene-9-index-1737194584449 for query +processorId:78de230e-0194-1000-3883-339d6f45aeee; retrieved 6 events with a total of 6 hits in 18 millis
2025-01-18 10:06:09,409 INFO [Checkpoint FlowFile Repository] o.a.n.c.r.WriteAheadFlowFileRepository Initiating checkpoint of FlowFile Repository
2025-01-18 10:06:09,414 INFO [Checkpoint FlowFile Repository] o.a.n.wali.SequentialAccessWriteAheadLog Checkpointed Write-Ahead Log with 0 Records and 0 Swap Files in 4 milliseconds (Stop-the-world time = 3 milliseconds), max Transaction ID 15
2025-01-18 10:06:09,414 INFO [Checkpoint FlowFile Repository] o.a.n.c.r.WriteAheadFlowFileRepository Successfully checkpointed FlowFile Repository with 0 records in 5 milliseconds
2025-01-18 10:06:11,079 INFO [FileSystemRepository Workers Thread-2] o.a.n.c.repository.FileSystemRepository Successfully archived 5 Resource Claims for Container default in 0 millis
2025-01-18 10:06:24,137 INFO [Cleanup Archive for default] o.a.n.c.repository.FileSystemRepository Successfully deleted 0 files (0 bytes) from archive
2025-01-18 10:06:24,138 INFO [Cleanup Archive for default] o.a.n.c.repository.FileSystemRepository Archive cleanup completed for container default; will now allow writing to this container. Bytes used = 55.37 GB, bytes free = 951.48 GB, capacity = 1,006.85 GB
2025-01-18 10:06:29,413 INFO [Checkpoint FlowFile Repository] o.a.n.c.r.WriteAheadFlowFileRepository Initiating checkpoint of FlowFile Repository
2025-01-18 10:06:29,418 INFO [Checkpoint FlowFile Repository] o.a.n.wali.SequentialAccessWriteAheadLog Checkpointed Write-Ahead Log with 0 Records and 0 Swap Files in 3 milliseconds (Stop-the-world time = 2 milliseconds), max Transaction ID 25
2025-01-18 10:06:29,418 INFO [Checkpoint FlowFile Repository] o.a.n.c.r.WriteAheadFlowFileRepository Successfully checkpointed FlowFile Repository with 0 records in 4 milliseconds
2025-01-18 10:06:30,082 INFO [FileSystemRepository Workers Thread-4] o.a.n.c.repository.FileSystemRepository Successfully archived 5 Resource Claims for Container default in 0 millis
2025-01-18 10:06:49,417 INFO [Checkpoint FlowFile Repository] o.a.n.c.r.WriteAheadFlowFileRepository Initiating checkpoint of FlowFile Repository
2025-01-18 10:06:49,420 INFO [Checkpoint FlowFile Repository] o.a.n.wali.SequentialAccessWriteAheadLog Checkpointed Write-Ahead Log with 0 Records and 0 Swap Files in 2 milliseconds (Stop-the-world time = 1 milliseconds), max Transaction ID 35
2025-01-18 10:06:49,420 INFO [Checkpoint FlowFile Repository] o.a.n.c.r.WriteAheadFlowFileRepository Successfully checkpointed FlowFile Repository with 0 records in 3 milliseconds
2025-01-18 10:06:50,084 INFO [FileSystemRepository Workers Thread-4] o.a.n.c.repository.FileSystemRepository Successfully archived 3 Resource Claims for Container default in 0 millis
2025-01-18 10:06:50,085 INFO [FileSystemRepository Workers Thread-4] o.a.n.c.repository.FileSystemRepository Successfully archived 2 Resource Claims for Container default in 0 millis
2025-01-18 10:07:09,421 INFO [Checkpoint FlowFile Repository] o.a.n.c.r.WriteAheadFlowFileRepository Initiating checkpoint of FlowFile Repository
2025-01-18 10:07:09,426 INFO [Checkpoint FlowFile Repository] o.a.n.wali.SequentialAccessWriteAheadLog Checkpointed Write-Ahead Log with 0 Records and 0 Swap Files in 4 milliseconds (Stop-the-world time = 2 milliseconds), max Transaction ID 45
2025-01-18 10:07:09,426 INFO [Checkpoint FlowFile Repository] o.a.n.c.r.WriteAheadFlowFileRepository Successfully checkpointed FlowFile Repository with 0 records in 4 milliseconds
2025-01-18 10:07:10,088 INFO [FileSystemRepository Workers Thread-4] o.a.n.c.repository.FileSystemRepository Successfully archived 5 Resource Claims for Container default in 0 millis
2025-01-18 10:07:13,779 INFO [NiFi Web Server-153] o.a.nifi.groups.StandardProcessGroup SplitJson[id=78e18772-0194-1000-808b-3086735abf06] added to StandardProcessGroup[identifier=78bee024-0194-1000-9adb-90a786b7fa1a,name=NiFi Flow]
2025-01-18 10:07:13,908 INFO [Flow Service Tasks Thread-1] o.a.nifi.controller.StandardFlowService Saved flow controller org.apache.nifi.controller.FlowController@4f179c66 // Another save pending = false
2025-01-18 10:07:24,150 INFO [Cleanup Archive for default] o.a.n.c.repository.FileSystemRepository Successfully deleted 0 files (0 bytes) from archive
2025-01-18 10:07:24,150 INFO [Cleanup Archive for default] o.a.n.c.repository.FileSystemRepository Archive cleanup completed for container default; will now allow writing to this container. Bytes used = 55.37 GB, bytes free = 951.48 GB, capacity = 1,006.85 GB
2025-01-18 10:07:29,425 INFO [Checkpoint FlowFile Repository] o.a.n.c.r.WriteAheadFlowFileRepository Initiating checkpoint of FlowFile Repository
2025-01-18 10:07:29,430 INFO [Checkpoint FlowFile Repository] o.a.n.wali.SequentialAccessWriteAheadLog Checkpointed Write-Ahead Log with 0 Records and 0 Swap Files in 3 milliseconds (Stop-the-world time = 2 milliseconds), max Transaction ID 55
2025-01-18 10:07:29,430 INFO [Checkpoint FlowFile Repository] o.a.n.c.r.WriteAheadFlowFileRepository Successfully checkpointed FlowFile Repository with 0 records in 3 milliseconds
2025-01-18 10:07:30,092 INFO [FileSystemRepository Workers Thread-3] o.a.n.c.repository.FileSystemRepository Successfully archived 5 Resource Claims for Container default in 0 millis
2025-01-18 10:07:44,418 INFO [Flow Service Tasks Thread-1] o.a.nifi.controller.StandardFlowService Saved flow controller org.apache.nifi.controller.FlowController@4f179c66 // Another save pending = false
2025-01-18 10:07:46,423 INFO [Flow Service Tasks Thread-1] o.a.nifi.controller.StandardFlowService Saved flow controller org.apache.nifi.controller.FlowController@4f179c66 // Another save pending = false
2025-01-18 10:07:49,427 INFO [Checkpoint FlowFile Repository] o.a.n.c.r.WriteAheadFlowFileRepository Initiating checkpoint of FlowFile Repository
2025-01-18 10:07:49,434 INFO [Checkpoint FlowFile Repository] o.a.n.wali.SequentialAccessWriteAheadLog Checkpointed Write-Ahead Log with 0 Records and 0 Swap Files in 5 milliseconds (Stop-the-world time = 4 milliseconds), max Transaction ID 65
2025-01-18 10:07:49,434 INFO [Checkpoint FlowFile Repository] o.a.n.c.r.WriteAheadFlowFileRepository Successfully checkpointed FlowFile Repository with 0 records in 6 milliseconds
2025-01-18 10:07:50,429 INFO [Flow Service Tasks Thread-1] o.a.nifi.controller.StandardFlowService Saved flow controller org.apache.nifi.controller.FlowController@4f179c66 // Another save pending = false
2025-01-18 10:07:51,093 INFO [FileSystemRepository Workers Thread-3] o.a.n.c.repository.FileSystemRepository Successfully archived 5 Resource Claims for Container default in 0 millis
2025-01-18 10:07:52,434 INFO [Flow Service Tasks Thread-1] o.a.nifi.controller.StandardFlowService Saved flow controller org.apache.nifi.controller.FlowController@4f179c66 // Another save pending = false
2025-01-18 10:07:54,372 INFO [NiFi Web Server-128] o.a.n.c.s.StandardProcessScheduler Starting SplitJson[id=78e18772-0194-1000-808b-3086735abf06]
2025-01-18 10:07:54,408 INFO [Timer-Driven Process Thread-1] o.a.n.c.s.TimerDrivenSchedulingAgent Scheduled SplitJson[id=78e18772-0194-1000-808b-3086735abf06] to run with 1 threads
2025-01-18 10:07:54,438 INFO [Flow Service Tasks Thread-1] o.a.nifi.controller.StandardFlowService Saved flow controller org.apache.nifi.controller.FlowController@4f179c66 // Another save pending = false
2025-01-18 10:07:59,222 INFO [Provenance Query-2] o.a.nifi.provenance.StandardQueryResult Completed Query[ [78e18772-0194-1000-808b-3086735abf06] ] comprised of 1 steps in 43 millis. Index found 246 hits. Read 246 events from Event Files.
2025-01-18 10:07:59,223 INFO [Provenance Query-2] o.a.n.provenance.index.lucene.QueryTask Successfully queried index ./provenance_repository/lucene-9-index-1737194584449 for query +processorId:78e18772-0194-1000-808b-3086735abf06; retrieved 246 events with a total of 246 hits in 21 millis
2025-01-18 10:08:07,446 INFO [Flow Service Tasks Thread-1] o.a.nifi.controller.StandardFlowService Saved flow controller org.apache.nifi.controller.FlowController@4f179c66 // Another save pending = false
2025-01-18 10:08:08,451 INFO [Flow Service Tasks Thread-1] o.a.nifi.controller.StandardFlowService Saved flow controller org.apache.nifi.controller.FlowController@4f179c66 // Another save pending = false
2025-01-18 10:08:09,435 INFO [Checkpoint FlowFile Repository] o.a.n.c.r.WriteAheadFlowFileRepository Initiating checkpoint of FlowFile Repository
2025-01-18 10:08:09,440 INFO [Checkpoint FlowFile Repository] o.a.n.wali.SequentialAccessWriteAheadLog Checkpointed Write-Ahead Log with 0 Records and 0 Swap Files in 4 milliseconds (Stop-the-world time = 2 milliseconds), max Transaction ID 77
2025-01-18 10:08:09,440 INFO [Checkpoint FlowFile Repository] o.a.n.c.r.WriteAheadFlowFileRepository Successfully checkpointed FlowFile Repository with 0 records in 4 milliseconds
2025-01-18 10:08:09,956 INFO [Flow Service Tasks Thread-1] o.a.nifi.controller.StandardFlowService Saved flow controller org.apache.nifi.controller.FlowController@4f179c66 // Another save pending = false
2025-01-18 10:08:10,097 INFO [FileSystemRepository Workers Thread-2] o.a.n.c.repository.FileSystemRepository Successfully archived 6 Resource Claims for Container default in 0 millis
2025-01-18 10:08:12,960 INFO [Flow Service Tasks Thread-1] o.a.nifi.controller.StandardFlowService Saved flow controller org.apache.nifi.controller.FlowController@4f179c66 // Another save pending = false
2025-01-18 10:08:15,464 INFO [Flow Service Tasks Thread-1] o.a.nifi.controller.StandardFlowService Saved flow controller org.apache.nifi.controller.FlowController@4f179c66 // Another save pending = false
2025-01-18 10:08:24,164 INFO [Cleanup Archive for default] o.a.n.c.repository.FileSystemRepository Successfully deleted 0 files (0 bytes) from archive
2025-01-18 10:08:24,164 INFO [Cleanup Archive for default] o.a.n.c.repository.FileSystemRepository Archive cleanup completed for container default; will now allow writing to this container. Bytes used = 55.37 GB, bytes free = 951.48 GB, capacity = 1,006.85 GB
2025-01-18 10:08:26,723 INFO [NiFi Web Server-137] o.a.nifi.groups.StandardProcessGroup PutMongo[id=78e2a45f-0194-1000-dd0e-4e47f08a9bc0] added to StandardProcessGroup[identifier=78bee024-0194-1000-9adb-90a786b7fa1a,name=NiFi Flow]
2025-01-18 10:08:26,972 INFO [Flow Service Tasks Thread-1] o.a.nifi.controller.StandardFlowService Saved flow controller org.apache.nifi.controller.FlowController@4f179c66 // Another save pending = false
2025-01-18 10:08:29,441 INFO [Checkpoint FlowFile Repository] o.a.n.c.r.WriteAheadFlowFileRepository Initiating checkpoint of FlowFile Repository
2025-01-18 10:08:29,446 INFO [Checkpoint FlowFile Repository] o.a.n.wali.SequentialAccessWriteAheadLog Checkpointed Write-Ahead Log with 0 Records and 0 Swap Files in 4 milliseconds (Stop-the-world time = 3 milliseconds), max Transaction ID 92
2025-01-18 10:08:29,447 INFO [Checkpoint FlowFile Repository] o.a.n.c.r.WriteAheadFlowFileRepository Successfully checkpointed FlowFile Repository with 0 records in 4 milliseconds
2025-01-18 10:08:30,100 INFO [FileSystemRepository Workers Thread-2] o.a.n.c.repository.FileSystemRepository Successfully archived 8 Resource Claims for Container default in 0 millis
2025-01-18 10:08:38,849 INFO [NiFi Web Server-50] o.a.nifi.controller.ExtensionBuilder Created Controller Service of type org.apache.nifi.mongodb.MongoDBControllerService with identifier 78e2d3b9-0194-1000-66c5-d14259375e4e
2025-01-18 10:08:38,850 INFO [NiFi Web Server-50] o.a.nifi.groups.StandardProcessGroup StandardControllerServiceNode[service=MongoDBControllerService[id=78e2d3b9-0194-1000-66c5-d14259375e4e], name=MongoDBControllerService, active=false] added to StandardProcessGroup[identifier=78bee024-0194-1000-9adb-90a786b7fa1a,name=NiFi Flow]
2025-01-18 10:08:38,979 INFO [Flow Service Tasks Thread-1] o.a.nifi.controller.StandardFlowService Saved flow controller org.apache.nifi.controller.FlowController@4f179c66 // Another save pending = false
2025-01-18 10:08:49,446 INFO [Checkpoint FlowFile Repository] o.a.n.c.r.WriteAheadFlowFileRepository Initiating checkpoint of FlowFile Repository
2025-01-18 10:08:49,450 INFO [Checkpoint FlowFile Repository] o.a.n.wali.SequentialAccessWriteAheadLog Checkpointed Write-Ahead Log with 0 Records and 0 Swap Files in 3 milliseconds (Stop-the-world time = 2 milliseconds), max Transaction ID 107
2025-01-18 10:08:49,451 INFO [Checkpoint FlowFile Repository] o.a.n.c.r.WriteAheadFlowFileRepository Successfully checkpointed FlowFile Repository with 0 records in 3 milliseconds
2025-01-18 10:08:50,103 INFO [FileSystemRepository Workers Thread-1] o.a.n.c.repository.FileSystemRepository Successfully archived 7 Resource Claims for Container default in 0 millis
2025-01-18 10:09:02,989 INFO [Flow Service Tasks Thread-1] o.a.nifi.controller.StandardFlowService Saved flow controller org.apache.nifi.controller.FlowController@4f179c66 // Another save pending = false
2025-01-18 10:09:09,451 INFO [Checkpoint FlowFile Repository] o.a.n.c.r.WriteAheadFlowFileRepository Initiating checkpoint of FlowFile Repository
2025-01-18 10:09:09,457 INFO [Checkpoint FlowFile Repository] o.a.n.wali.SequentialAccessWriteAheadLog Checkpointed Write-Ahead Log with 0 Records and 0 Swap Files in 5 milliseconds (Stop-the-world time = 3 milliseconds), max Transaction ID 122
2025-01-18 10:09:09,457 INFO [Checkpoint FlowFile Repository] o.a.n.c.r.WriteAheadFlowFileRepository Successfully checkpointed FlowFile Repository with 0 records in 5 milliseconds
2025-01-18 10:09:10,105 INFO [FileSystemRepository Workers Thread-1] o.a.n.c.repository.FileSystemRepository Successfully archived 8 Resource Claims for Container default in 0 millis
2025-01-18 10:09:24,184 INFO [Cleanup Archive for default] o.a.n.c.repository.FileSystemRepository Successfully deleted 0 files (0 bytes) from archive
2025-01-18 10:09:24,185 INFO [Cleanup Archive for default] o.a.n.c.repository.FileSystemRepository Archive cleanup completed for container default; will now allow writing to this container. Bytes used = 55.38 GB, bytes free = 951.48 GB, capacity = 1,006.85 GB
2025-01-18 10:09:29,456 INFO [Checkpoint FlowFile Repository] o.a.n.c.r.WriteAheadFlowFileRepository Initiating checkpoint of FlowFile Repository
2025-01-18 10:09:29,459 INFO [Checkpoint FlowFile Repository] o.a.n.wali.SequentialAccessWriteAheadLog Checkpointed Write-Ahead Log with 0 Records and 0 Swap Files in 2 milliseconds (Stop-the-world time = 1 milliseconds), max Transaction ID 137
2025-01-18 10:09:29,459 INFO [Checkpoint FlowFile Repository] o.a.n.c.r.WriteAheadFlowFileRepository Successfully checkpointed FlowFile Repository with 0 records in 2 milliseconds
2025-01-18 10:09:30,109 INFO [FileSystemRepository Workers Thread-1] o.a.n.c.repository.FileSystemRepository Successfully archived 7 Resource Claims for Container default in 0 millis
2025-01-18 10:09:37,710 INFO [Verify Controller Service Config Thread-1] o.a.n.mongodb.MongoDBControllerService MongoDBControllerService[id=78e2d3b9-0194-1000-66c5-d14259375e4e] Creating MongoClient
2025-01-18 10:09:37,919 INFO [Verify Controller Service Config Thread-1] org.mongodb.driver.client MongoClient with metadata {"driver": {"name": "mongo-java-driver|sync", "version": "4.11.5"}, "os": {"type": "Linux", "name": "Linux", "architecture": "amd64", "version": "5.15.153.1-microsoft-standard-WSL2"}, "platform": "Java/BellSoft/21.0.5+11-LTS"} created with settings MongoClientSettings{readPreference=primary, writeConcern=WriteConcern{w=null, wTimeout=null ms, journal=null}, retryWrites=true, retryReads=true, readConcern=ReadConcern{level=null}, credential=null, transportSettings=null, streamFactoryFactory=null, commandListeners=[], codecRegistry=ProvidersCodecRegistry{codecProviders=[ValueCodecProvider{}, BsonValueCodecProvider{}, DBRefCodecProvider{}, DBObjectCodecProvider{}, DocumentCodecProvider{}, CollectionCodecProvider{}, IterableCodecProvider{}, MapCodecProvider{}, GeoJsonCodecProvider{}, GridFSFileCodecProvider{}, Jsr310CodecProvider{}, JsonObjectCodecProvider{}, BsonCodecProvider{}, EnumCodecProvider{}, com.mongodb.client.model.mql.ExpressionCodecProvider@3046a56, com.mongodb.Jep395RecordCodecProvider@231be224, com.mongodb.KotlinCodecProvider@3ac57b94]}, loggerSettings=LoggerSettings{maxDocumentLength=1000}, clusterSettings={hosts=[mongo:27017], srvServiceName=mongodb, mode=SINGLE, requiredClusterType=UNKNOWN, requiredReplicaSetName='null', serverSelector='null', clusterListeners='[]', serverSelectionTimeout='30000 ms', localThreshold='15 ms'}, socketSettings=SocketSettings{connectTimeoutMS=10000, readTimeoutMS=0, receiveBufferSize=0, proxySettings=ProxySettings{host=null, port=null, username=null, password=null}}, heartbeatSocketSettings=SocketSettings{connectTimeoutMS=10000, readTimeoutMS=10000, receiveBufferSize=0, proxySettings=ProxySettings{host=null, port=null, username=null, password=null}}, connectionPoolSettings=ConnectionPoolSettings{maxSize=100, minSize=0, maxWaitTimeMS=120000, maxConnectionLifeTimeMS=0, maxConnectionIdleTimeMS=0, maintenanceInitialDelayMS=0, maintenanceFrequencyMS=60000, connectionPoolListeners=[], maxConnecting=2}, serverSettings=ServerSettings{heartbeatFrequencyMS=10000, minHeartbeatFrequencyMS=500, serverListeners='[]', serverMonitorListeners='[]'}, sslSettings=SslSettings{enabled=false, invalidHostNameAllowed=false, context=null}, applicationName='null', compressorList=[], uuidRepresentation=UNSPECIFIED, serverApi=null, autoEncryptionSettings=null, dnsClient=null, inetAddressResolver=null, contextProvider=null}
2025-01-18 10:09:37,961 INFO [cluster-ClusterId{value='678b7de12a534755c503bd68', description='null'}-mongo:27017] org.mongodb.driver.cluster Monitor thread successfully connected to server with description ServerDescription{address=mongo:27017, type=STANDALONE, state=CONNECTED, ok=true, minWireVersion=0, maxWireVersion=25, maxDocumentSize=16777216, logicalSessionTimeoutMinutes=30, roundTripTimeNanos=53446053}
2025-01-18 10:09:37,963 INFO [Verify Controller Service Config Thread-1] org.mongodb.driver.cluster No server chosen by ReadPreferenceServerSelector{readPreference=primary} from cluster description ClusterDescription{type=UNKNOWN, connectionMode=SINGLE, serverDescriptions=[ServerDescription{address=mongo:27017, type=UNKNOWN, state=CONNECTING}]}. Waiting for 30000 ms before timing out
2025-01-18 10:09:42,003 INFO [Flow Service Tasks Thread-1] o.a.nifi.controller.StandardFlowService Saved flow controller org.apache.nifi.controller.FlowController@4f179c66 // Another save pending = false
2025-01-18 10:09:45,756 INFO [NiFi Web Server-53] o.a.n.c.s.StandardProcessScheduler Enabling StandardControllerServiceNode[service=MongoDBControllerService[id=78e2d3b9-0194-1000-66c5-d14259375e4e], name=MongoDBControllerService, active=false]
2025-01-18 10:09:45,758 INFO [Timer-Driven Process Thread-3] o.a.n.mongodb.MongoDBControllerService MongoDBControllerService[id=78e2d3b9-0194-1000-66c5-d14259375e4e] Creating MongoClient
2025-01-18 10:09:45,762 INFO [Timer-Driven Process Thread-3] org.mongodb.driver.client MongoClient with metadata {"driver": {"name": "mongo-java-driver|sync", "version": "4.11.5"}, "os": {"type": "Linux", "name": "Linux", "architecture": "amd64", "version": "5.15.153.1-microsoft-standard-WSL2"}, "platform": "Java/BellSoft/21.0.5+11-LTS"} created with settings MongoClientSettings{readPreference=primary, writeConcern=WriteConcern{w=null, wTimeout=null ms, journal=null}, retryWrites=true, retryReads=true, readConcern=ReadConcern{level=null}, credential=null, transportSettings=null, streamFactoryFactory=null, commandListeners=[], codecRegistry=ProvidersCodecRegistry{codecProviders=[ValueCodecProvider{}, BsonValueCodecProvider{}, DBRefCodecProvider{}, DBObjectCodecProvider{}, DocumentCodecProvider{}, CollectionCodecProvider{}, IterableCodecProvider{}, MapCodecProvider{}, GeoJsonCodecProvider{}, GridFSFileCodecProvider{}, Jsr310CodecProvider{}, JsonObjectCodecProvider{}, BsonCodecProvider{}, EnumCodecProvider{}, com.mongodb.client.model.mql.ExpressionCodecProvider@3046a56, com.mongodb.Jep395RecordCodecProvider@231be224, com.mongodb.KotlinCodecProvider@3ac57b94]}, loggerSettings=LoggerSettings{maxDocumentLength=1000}, clusterSettings={hosts=[mongo:27017], srvServiceName=mongodb, mode=SINGLE, requiredClusterType=UNKNOWN, requiredReplicaSetName='null', serverSelector='null', clusterListeners='[]', serverSelectionTimeout='30000 ms', localThreshold='15 ms'}, socketSettings=SocketSettings{connectTimeoutMS=10000, readTimeoutMS=0, receiveBufferSize=0, proxySettings=ProxySettings{host=null, port=null, username=null, password=null}}, heartbeatSocketSettings=SocketSettings{connectTimeoutMS=10000, readTimeoutMS=10000, receiveBufferSize=0, proxySettings=ProxySettings{host=null, port=null, username=null, password=null}}, connectionPoolSettings=ConnectionPoolSettings{maxSize=100, minSize=0, maxWaitTimeMS=120000, maxConnectionLifeTimeMS=0, maxConnectionIdleTimeMS=0, maintenanceInitialDelayMS=0, maintenanceFrequencyMS=60000, connectionPoolListeners=[], maxConnecting=2}, serverSettings=ServerSettings{heartbeatFrequencyMS=10000, minHeartbeatFrequencyMS=500, serverListeners='[]', serverMonitorListeners='[]'}, sslSettings=SslSettings{enabled=false, invalidHostNameAllowed=false, context=null}, applicationName='null', compressorList=[], uuidRepresentation=UNSPECIFIED, serverApi=null, autoEncryptionSettings=null, dnsClient=null, inetAddressResolver=null, contextProvider=null}
2025-01-18 10:09:45,762 INFO [cluster-ClusterId{value='678b7de92a534755c503bd69', description='null'}-mongo:27017] org.mongodb.driver.cluster Monitor thread successfully connected to server with description ServerDescription{address=mongo:27017, type=STANDALONE, state=CONNECTED, ok=true, minWireVersion=0, maxWireVersion=25, maxDocumentSize=16777216, logicalSessionTimeoutMinutes=30, roundTripTimeNanos=1214639}
2025-01-18 10:09:45,763 INFO [Timer-Driven Process Thread-3] o.a.n.c.s.StandardControllerServiceNode Enabled StandardControllerServiceNode[service=MongoDBControllerService[id=78e2d3b9-0194-1000-66c5-d14259375e4e], name=MongoDBControllerService, active=true]
2025-01-18 10:09:46,007 INFO [Flow Service Tasks Thread-1] o.a.nifi.controller.StandardFlowService Saved flow controller org.apache.nifi.controller.FlowController@4f179c66 // Another save pending = false
2025-01-18 10:09:49,458 INFO [Checkpoint FlowFile Repository] o.a.n.c.r.WriteAheadFlowFileRepository Initiating checkpoint of FlowFile Repository
2025-01-18 10:09:49,463 INFO [Checkpoint FlowFile Repository] o.a.n.wali.SequentialAccessWriteAheadLog Checkpointed Write-Ahead Log with 0 Records and 0 Swap Files in 4 milliseconds (Stop-the-world time = 3 milliseconds), max Transaction ID 152
2025-01-18 10:09:49,464 INFO [Checkpoint FlowFile Repository] o.a.n.c.r.WriteAheadFlowFileRepository Successfully checkpointed FlowFile Repository with 0 records in 4 milliseconds
2025-01-18 10:09:50,111 INFO [FileSystemRepository Workers Thread-2] o.a.n.c.repository.FileSystemRepository Successfully archived 8 Resource Claims for Container default in 0 millis
2025-01-18 10:10:00,514 INFO [Flow Service Tasks Thread-1] o.a.nifi.controller.StandardFlowService Saved flow controller org.apache.nifi.controller.FlowController@4f179c66 // Another save pending = false
2025-01-18 10:10:05,519 INFO [Flow Service Tasks Thread-1] o.a.nifi.controller.StandardFlowService Saved flow controller org.apache.nifi.controller.FlowController@4f179c66 // Another save pending = false
2025-01-18 10:10:09,464 INFO [Checkpoint FlowFile Repository] o.a.n.c.r.WriteAheadFlowFileRepository Initiating checkpoint of FlowFile Repository
2025-01-18 10:10:09,472 INFO [Checkpoint FlowFile Repository] o.a.n.wali.SequentialAccessWriteAheadLog Checkpointed Write-Ahead Log with 121 Records and 0 Swap Files in 7 milliseconds (Stop-the-world time = 3 milliseconds), max Transaction ID 167
2025-01-18 10:10:09,473 INFO [Checkpoint FlowFile Repository] o.a.n.c.r.WriteAheadFlowFileRepository Successfully checkpointed FlowFile Repository with 121 records in 8 milliseconds
2025-01-18 10:10:10,002 INFO [NiFi Web Server-53] o.a.n.c.s.StandardProcessScheduler Starting PutMongo[id=78e2a45f-0194-1000-dd0e-4e47f08a9bc0]
2025-01-18 10:10:10,022 INFO [Flow Service Tasks Thread-1] o.a.nifi.controller.StandardFlowService Saved flow controller org.apache.nifi.controller.FlowController@4f179c66 // Another save pending = false
2025-01-18 10:10:10,113 INFO [FileSystemRepository Workers Thread-3] o.a.n.c.repository.FileSystemRepository Successfully archived 7 Resource Claims for Container default in 0 millis
2025-01-18 10:10:17,010 INFO [Timer-Driven Process Thread-8] o.a.n.c.s.TimerDrivenSchedulingAgent Scheduled PutMongo[id=78e2a45f-0194-1000-dd0e-4e47f08a9bc0] to run with 1 threads
2025-01-18 10:10:17,030 INFO [Flow Service Tasks Thread-1] o.a.nifi.controller.StandardFlowService Saved flow controller org.apache.nifi.controller.FlowController@4f179c66 // Another save pending = false
2025-01-18 10:10:23,523 INFO [Provenance Query-1] o.a.nifi.provenance.StandardQueryResult Completed Query[ [78e2a45f-0194-1000-dd0e-4e47f08a9bc0] ] comprised of 1 steps in 61 millis. Index found 968 hits. Read 968 events from Event Files.
2025-01-18 10:10:23,524 INFO [Provenance Query-1] o.a.n.provenance.index.lucene.QueryTask Successfully queried index ./provenance_repository/lucene-9-index-1737194584449 for query +processorId:78e2a45f-0194-1000-dd0e-4e47f08a9bc0; retrieved 968 events with a total of 968 hits in 37 millis
2025-01-18 10:10:24,206 INFO [Cleanup Archive for default] o.a.n.c.repository.FileSystemRepository Successfully deleted 0 files (0 bytes) from archive
2025-01-18 10:10:24,207 INFO [Cleanup Archive for default] o.a.n.c.repository.FileSystemRepository Archive cleanup completed for container default; will now allow writing to this container. Bytes used = 55.38 GB, bytes free = 951.47 GB, capacity = 1,006.85 GB
2025-01-18 10:10:29,472 INFO [Checkpoint FlowFile Repository] o.a.n.c.r.WriteAheadFlowFileRepository Initiating checkpoint of FlowFile Repository
2025-01-18 10:10:29,478 INFO [Checkpoint FlowFile Repository] o.a.n.wali.SequentialAccessWriteAheadLog Checkpointed Write-Ahead Log with 0 Records and 0 Swap Files in 6 milliseconds (Stop-the-world time = 4 milliseconds), max Transaction ID 908
2025-01-18 10:10:29,479 INFO [Checkpoint FlowFile Repository] o.a.n.c.r.WriteAheadFlowFileRepository Successfully checkpointed FlowFile Repository with 0 records in 6 milliseconds
2025-01-18 10:10:30,116 INFO [FileSystemRepository Workers Thread-1] o.a.n.c.repository.FileSystemRepository Successfully archived 8 Resource Claims for Container default in 0 millis
2025-01-18 10:10:49,479 INFO [Checkpoint FlowFile Repository] o.a.n.c.r.WriteAheadFlowFileRepository Initiating checkpoint of FlowFile Repository
2025-01-18 10:10:49,485 INFO [Checkpoint FlowFile Repository] o.a.n.wali.SequentialAccessWriteAheadLog Checkpointed Write-Ahead Log with 0 Records and 0 Swap Files in 4 milliseconds (Stop-the-world time = 2 milliseconds), max Transaction ID 1404
2025-01-18 10:10:49,485 INFO [Checkpoint FlowFile Repository] o.a.n.c.r.WriteAheadFlowFileRepository Successfully checkpointed FlowFile Repository with 0 records in 4 milliseconds
2025-01-18 10:10:50,121 INFO [FileSystemRepository Workers Thread-1] o.a.n.c.repository.FileSystemRepository Successfully archived 6 Resource Claims for Container default in 2 millis
2025-01-18 10:11:09,485 INFO [Checkpoint FlowFile Repository] o.a.n.c.r.WriteAheadFlowFileRepository Initiating checkpoint of FlowFile Repository
2025-01-18 10:11:09,489 INFO [Checkpoint FlowFile Repository] o.a.n.wali.SequentialAccessWriteAheadLog Checkpointed Write-Ahead Log with 0 Records and 0 Swap Files in 3 milliseconds (Stop-the-world time = 1 milliseconds), max Transaction ID 2024
2025-01-18 10:11:09,490 INFO [Checkpoint FlowFile Repository] o.a.n.c.r.WriteAheadFlowFileRepository Successfully checkpointed FlowFile Repository with 0 records in 3 milliseconds
2025-01-18 10:11:10,125 INFO [FileSystemRepository Workers Thread-1] o.a.n.c.repository.FileSystemRepository Successfully archived 7 Resource Claims for Container default in 1 millis
2025-01-18 10:11:24,240 INFO [Cleanup Archive for default] o.a.n.c.repository.FileSystemRepository Successfully deleted 0 files (0 bytes) from archive
2025-01-18 10:11:24,240 INFO [Cleanup Archive for default] o.a.n.c.repository.FileSystemRepository Archive cleanup completed for container default; will now allow writing to this container. Bytes used = 55.39 GB, bytes free = 951.47 GB, capacity = 1,006.85 GB
2025-01-18 10:11:29,489 INFO [Checkpoint FlowFile Repository] o.a.n.c.r.WriteAheadFlowFileRepository Initiating checkpoint of FlowFile Repository
2025-01-18 10:11:29,495 INFO [Checkpoint FlowFile Repository] o.a.n.wali.SequentialAccessWriteAheadLog Checkpointed Write-Ahead Log with 0 Records and 0 Swap Files in 5 milliseconds (Stop-the-world time = 3 milliseconds), max Transaction ID 2644
2025-01-18 10:11:29,496 INFO [Checkpoint FlowFile Repository] o.a.n.c.r.WriteAheadFlowFileRepository Successfully checkpointed FlowFile Repository with 0 records in 5 milliseconds
2025-01-18 10:11:30,130 INFO [FileSystemRepository Workers Thread-2] o.a.n.c.repository.FileSystemRepository Successfully archived 8 Resource Claims for Container default in 0 millis
2025-01-18 10:11:49,495 INFO [Checkpoint FlowFile Repository] o.a.n.c.r.WriteAheadFlowFileRepository Initiating checkpoint of FlowFile Repository
2025-01-18 10:11:49,501 INFO [Checkpoint FlowFile Repository] o.a.n.wali.SequentialAccessWriteAheadLog Checkpointed Write-Ahead Log with 0 Records and 0 Swap Files in 5 milliseconds (Stop-the-world time = 3 milliseconds), max Transaction ID 3264
2025-01-18 10:11:49,501 INFO [Checkpoint FlowFile Repository] o.a.n.c.r.WriteAheadFlowFileRepository Successfully checkpointed FlowFile Repository with 0 records in 5 milliseconds
2025-01-18 10:11:50,135 INFO [FileSystemRepository Workers Thread-3] o.a.n.c.repository.FileSystemRepository Successfully archived 7 Resource Claims for Container default in 1 millis
2025-01-18 10:12:09,502 INFO [Checkpoint FlowFile Repository] o.a.n.c.r.WriteAheadFlowFileRepository Initiating checkpoint of FlowFile Repository
2025-01-18 10:12:09,507 INFO [Checkpoint FlowFile Repository] o.a.n.wali.SequentialAccessWriteAheadLog Checkpointed Write-Ahead Log with 0 Records and 0 Swap Files in 5 milliseconds (Stop-the-world time = 3 milliseconds), max Transaction ID 3884
2025-01-18 10:12:09,508 INFO [Checkpoint FlowFile Repository] o.a.n.c.r.WriteAheadFlowFileRepository Successfully checkpointed FlowFile Repository with 0 records in 5 milliseconds
2025-01-18 10:12:10,138 INFO [FileSystemRepository Workers Thread-3] o.a.n.c.repository.FileSystemRepository Successfully archived 8 Resource Claims for Container default in 0 millis
2025-01-18 10:12:24,312 INFO [Cleanup Archive for default] o.a.n.c.repository.FileSystemRepository Successfully deleted 0 files (0 bytes) from archive
2025-01-18 10:12:24,313 INFO [Cleanup Archive for default] o.a.n.c.repository.FileSystemRepository Archive cleanup completed for container default; will now allow writing to this container. Bytes used = 55.39 GB, bytes free = 951.46 GB, capacity = 1,006.85 GB
2025-01-18 10:12:29,507 INFO [Checkpoint FlowFile Repository] o.a.n.c.r.WriteAheadFlowFileRepository Initiating checkpoint of FlowFile Repository
2025-01-18 10:12:29,514 INFO [Checkpoint FlowFile Repository] o.a.n.wali.SequentialAccessWriteAheadLog Checkpointed Write-Ahead Log with 0 Records and 0 Swap Files in 6 milliseconds (Stop-the-world time = 4 milliseconds), max Transaction ID 4504
2025-01-18 10:12:29,515 INFO [Checkpoint FlowFile Repository] o.a.n.c.r.WriteAheadFlowFileRepository Successfully checkpointed FlowFile Repository with 0 records in 6 milliseconds
2025-01-18 10:12:30,144 INFO [FileSystemRepository Workers Thread-3] o.a.n.c.repository.FileSystemRepository Successfully archived 7 Resource Claims for Container default in 1 millis
2025-01-18 10:12:49,513 INFO [Checkpoint FlowFile Repository] o.a.n.c.r.WriteAheadFlowFileRepository Initiating checkpoint of FlowFile Repository
2025-01-18 10:12:49,519 INFO [Checkpoint FlowFile Repository] o.a.n.wali.SequentialAccessWriteAheadLog Checkpointed Write-Ahead Log with 0 Records and 0 Swap Files in 4 milliseconds (Stop-the-world time = 3 milliseconds), max Transaction ID 5124
2025-01-18 10:12:49,519 INFO [Checkpoint FlowFile Repository] o.a.n.c.r.WriteAheadFlowFileRepository Successfully checkpointed FlowFile Repository with 0 records in 5 milliseconds
2025-01-18 10:12:50,147 INFO [FileSystemRepository Workers Thread-4] o.a.n.c.repository.FileSystemRepository Successfully archived 8 Resource Claims for Container default in 1 millis
2025-01-18 10:13:07,677 INFO [Timer-Driven Process Thread-2] o.a.n.p.store.WriteAheadStorePartition Successfully rolled over Event Writer for Provenance Event Store Partition[directory=./provenance_repository] due to MAX_TIME_REACHED. Event File was 21.14 MB and contained 15050 events.
2025-01-18 10:13:09,520 INFO [Checkpoint FlowFile Repository] o.a.n.c.r.WriteAheadFlowFileRepository Initiating checkpoint of FlowFile Repository
2025-01-18 10:13:09,525 INFO [Checkpoint FlowFile Repository] o.a.n.wali.SequentialAccessWriteAheadLog Checkpointed Write-Ahead Log with 0 Records and 0 Swap Files in 3 milliseconds (Stop-the-world time = 2 milliseconds), max Transaction ID 5744
2025-01-18 10:13:09,525 INFO [Checkpoint FlowFile Repository] o.a.n.c.r.WriteAheadFlowFileRepository Successfully checkpointed FlowFile Repository with 0 records in 4 milliseconds
2025-01-18 10:13:10,152 INFO [FileSystemRepository Workers Thread-2] o.a.n.c.repository.FileSystemRepository Successfully archived 7 Resource Claims for Container default in 0 millis
2025-01-18 10:13:24,333 INFO [Cleanup Archive for default] o.a.n.c.repository.FileSystemRepository Successfully deleted 0 files (0 bytes) from archive
2025-01-18 10:13:24,334 INFO [Cleanup Archive for default] o.a.n.c.repository.FileSystemRepository Archive cleanup completed for container default; will now allow writing to this container. Bytes used = 55.38 GB, bytes free = 951.47 GB, capacity = 1,006.85 GB
2025-01-18 10:13:29,525 INFO [Checkpoint FlowFile Repository] o.a.n.c.r.WriteAheadFlowFileRepository Initiating checkpoint of FlowFile Repository
2025-01-18 10:13:29,533 INFO [Checkpoint FlowFile Repository] o.a.n.wali.SequentialAccessWriteAheadLog Checkpointed Write-Ahead Log with 0 Records and 0 Swap Files in 7 milliseconds (Stop-the-world time = 5 milliseconds), max Transaction ID 6364
2025-01-18 10:13:29,533 INFO [Checkpoint FlowFile Repository] o.a.n.c.r.WriteAheadFlowFileRepository Successfully checkpointed FlowFile Repository with 0 records in 7 milliseconds
2025-01-18 10:13:30,159 INFO [FileSystemRepository Workers Thread-1] o.a.n.c.repository.FileSystemRepository Successfully archived 8 Resource Claims for Container default in 0 millis
2025-01-18 10:13:49,532 INFO [Checkpoint FlowFile Repository] o.a.n.c.r.WriteAheadFlowFileRepository Initiating checkpoint of FlowFile Repository
2025-01-18 10:13:49,538 INFO [Checkpoint FlowFile Repository] o.a.n.wali.SequentialAccessWriteAheadLog Checkpointed Write-Ahead Log with 0 Records and 0 Swap Files in 4 milliseconds (Stop-the-world time = 3 milliseconds), max Transaction ID 6984
2025-01-18 10:13:49,539 INFO [Checkpoint FlowFile Repository] o.a.n.c.r.WriteAheadFlowFileRepository Successfully checkpointed FlowFile Repository with 0 records in 5 milliseconds
2025-01-18 10:13:50,162 INFO [FileSystemRepository Workers Thread-1] o.a.n.c.repository.FileSystemRepository Successfully archived 7 Resource Claims for Container default in 0 millis
2025-01-18 10:14:09,539 INFO [Checkpoint FlowFile Repository] o.a.n.c.r.WriteAheadFlowFileRepository Initiating checkpoint of FlowFile Repository
2025-01-18 10:14:09,544 INFO [Checkpoint FlowFile Repository] o.a.n.wali.SequentialAccessWriteAheadLog Checkpointed Write-Ahead Log with 0 Records and 0 Swap Files in 4 milliseconds (Stop-the-world time = 2 milliseconds), max Transaction ID 7604
2025-01-18 10:14:09,544 INFO [Checkpoint FlowFile Repository] o.a.n.c.r.WriteAheadFlowFileRepository Successfully checkpointed FlowFile Repository with 0 records in 4 milliseconds
2025-01-18 10:14:10,167 INFO [FileSystemRepository Workers Thread-2] o.a.n.c.repository.FileSystemRepository Successfully archived 8 Resource Claims for Container default in 0 millis
2025-01-18 10:14:24,350 INFO [Cleanup Archive for default] o.a.n.c.repository.FileSystemRepository Successfully deleted 0 files (0 bytes) from archive
2025-01-18 10:14:24,351 INFO [Cleanup Archive for default] o.a.n.c.repository.FileSystemRepository Archive cleanup completed for container default; will now allow writing to this container. Bytes used = 55.39 GB, bytes free = 951.47 GB, capacity = 1,006.85 GB
2025-01-18 10:14:29,544 INFO [Checkpoint FlowFile Repository] o.a.n.c.r.WriteAheadFlowFileRepository Initiating checkpoint of FlowFile Repository
2025-01-18 10:14:29,549 INFO [Checkpoint FlowFile Repository] o.a.n.wali.SequentialAccessWriteAheadLog Checkpointed Write-Ahead Log with 0 Records and 0 Swap Files in 5 milliseconds (Stop-the-world time = 2 milliseconds), max Transaction ID 8224
2025-01-18 10:14:29,550 INFO [Checkpoint FlowFile Repository] o.a.n.c.r.WriteAheadFlowFileRepository Successfully checkpointed FlowFile Repository with 0 records in 5 milliseconds
2025-01-18 10:14:30,171 INFO [FileSystemRepository Workers Thread-2] o.a.n.c.repository.FileSystemRepository Successfully archived 7 Resource Claims for Container default in 0 millis
2025-01-18 10:14:49,549 INFO [Checkpoint FlowFile Repository] o.a.n.c.r.WriteAheadFlowFileRepository Initiating checkpoint of FlowFile Repository
2025-01-18 10:14:49,561 INFO [Checkpoint FlowFile Repository] o.a.n.wali.SequentialAccessWriteAheadLog Checkpointed Write-Ahead Log with 0 Records and 0 Swap Files in 11 milliseconds (Stop-the-world time = 7 milliseconds), max Transaction ID 8844
2025-01-18 10:14:49,562 INFO [Checkpoint FlowFile Repository] o.a.n.c.r.WriteAheadFlowFileRepository Successfully checkpointed FlowFile Repository with 0 records in 11 milliseconds
2025-01-18 10:14:50,175 INFO [FileSystemRepository Workers Thread-1] o.a.n.c.repository.FileSystemRepository Successfully archived 8 Resource Claims for Container default in 0 millis
2025-01-18 10:15:09,563 INFO [Checkpoint FlowFile Repository] o.a.n.c.r.WriteAheadFlowFileRepository Initiating checkpoint of FlowFile Repository
2025-01-18 10:15:09,590 INFO [Checkpoint FlowFile Repository] o.a.n.wali.SequentialAccessWriteAheadLog Checkpointed Write-Ahead Log with 0 Records and 0 Swap Files in 24 milliseconds (Stop-the-world time = 13 milliseconds), max Transaction ID 9464
2025-01-18 10:15:09,591 INFO [Checkpoint FlowFile Repository] o.a.n.c.r.WriteAheadFlowFileRepository Successfully checkpointed FlowFile Repository with 0 records in 26 milliseconds
2025-01-18 10:15:10,179 INFO [FileSystemRepository Workers Thread-2] o.a.n.c.repository.FileSystemRepository Successfully archived 7 Resource Claims for Container default in 2 millis
2025-01-18 10:15:24,365 INFO [Cleanup Archive for default] o.a.n.c.repository.FileSystemRepository Successfully deleted 0 files (0 bytes) from archive
2025-01-18 10:15:24,365 INFO [Cleanup Archive for default] o.a.n.c.repository.FileSystemRepository Archive cleanup completed for container default; will now allow writing to this container. Bytes used = 55.39 GB, bytes free = 951.46 GB, capacity = 1,006.85 GB
2025-01-18 10:15:29,590 INFO [Checkpoint FlowFile Repository] o.a.n.c.r.WriteAheadFlowFileRepository Initiating checkpoint of FlowFile Repository
2025-01-18 10:15:29,596 INFO [Checkpoint FlowFile Repository] o.a.n.wali.SequentialAccessWriteAheadLog Checkpointed Write-Ahead Log with 0 Records and 0 Swap Files in 5 milliseconds (Stop-the-world time = 3 milliseconds), max Transaction ID 9960
2025-01-18 10:15:29,596 INFO [Checkpoint FlowFile Repository] o.a.n.c.r.WriteAheadFlowFileRepository Successfully checkpointed FlowFile Repository with 0 records in 5 milliseconds
2025-01-18 10:15:30,187 INFO [FileSystemRepository Workers Thread-1] o.a.n.c.repository.FileSystemRepository Successfully archived 6 Resource Claims for Container default in 2 millis
2025-01-18 10:15:49,594 INFO [Checkpoint FlowFile Repository] o.a.n.c.r.WriteAheadFlowFileRepository Initiating checkpoint of FlowFile Repository
2025-01-18 10:15:49,602 INFO [Checkpoint FlowFile Repository] o.a.n.wali.SequentialAccessWriteAheadLog Checkpointed Write-Ahead Log with 0 Records and 0 Swap Files in 6 milliseconds (Stop-the-world time = 4 milliseconds), max Transaction ID 10580
2025-01-18 10:15:49,602 INFO [Checkpoint FlowFile Repository] o.a.n.c.r.WriteAheadFlowFileRepository Successfully checkpointed FlowFile Repository with 0 records in 6 milliseconds
2025-01-18 10:15:50,191 INFO [FileSystemRepository Workers Thread-4] o.a.n.c.repository.FileSystemRepository Successfully archived 8 Resource Claims for Container default in 2 millis
2025-01-18 10:16:09,602 INFO [Checkpoint FlowFile Repository] o.a.n.c.r.WriteAheadFlowFileRepository Initiating checkpoint of FlowFile Repository
2025-01-18 10:16:09,607 INFO [Checkpoint FlowFile Repository] o.a.n.wali.SequentialAccessWriteAheadLog Checkpointed Write-Ahead Log with 0 Records and 0 Swap Files in 4 milliseconds (Stop-the-world time = 3 milliseconds), max Transaction ID 11200
2025-01-18 10:16:09,608 INFO [Checkpoint FlowFile Repository] o.a.n.c.r.WriteAheadFlowFileRepository Successfully checkpointed FlowFile Repository with 0 records in 4 milliseconds
2025-01-18 10:16:10,196 INFO [FileSystemRepository Workers Thread-1] o.a.n.c.repository.FileSystemRepository Successfully archived 7 Resource Claims for Container default in 1 millis
2025-01-18 10:16:24,381 INFO [Cleanup Archive for default] o.a.n.c.repository.FileSystemRepository Successfully deleted 0 files (0 bytes) from archive
2025-01-18 10:16:24,382 INFO [Cleanup Archive for default] o.a.n.c.repository.FileSystemRepository Archive cleanup completed for container default; will now allow writing to this container. Bytes used = 55.4 GB, bytes free = 951.45 GB, capacity = 1,006.85 GB
2025-01-18 10:16:29,606 INFO [Checkpoint FlowFile Repository] o.a.n.c.r.WriteAheadFlowFileRepository Initiating checkpoint of FlowFile Repository
2025-01-18 10:16:29,611 INFO [Checkpoint FlowFile Repository] o.a.n.wali.SequentialAccessWriteAheadLog Checkpointed Write-Ahead Log with 0 Records and 0 Swap Files in 4 milliseconds (Stop-the-world time = 2 milliseconds), max Transaction ID 11820
2025-01-18 10:16:29,612 INFO [Checkpoint FlowFile Repository] o.a.n.c.r.WriteAheadFlowFileRepository Successfully checkpointed FlowFile Repository with 0 records in 4 milliseconds
2025-01-18 10:16:30,204 INFO [FileSystemRepository Workers Thread-4] o.a.n.c.repository.FileSystemRepository Successfully archived 8 Resource Claims for Container default in 2 millis
2025-01-18 10:16:32,500 INFO [Provenance Query-2] o.a.nifi.provenance.StandardQueryResult Completed Query[ [78dc956e-0194-1000-273b-8536838cfd62] ] comprised of 1 steps in 280 millis. Index found 168 hits. Read 168 events from Event Files.
2025-01-18 10:16:32,501 INFO [Provenance Query-2] o.a.n.provenance.index.lucene.QueryTask Successfully queried index ./provenance_repository/lucene-9-index-1737194584449 for query +processorId:78dc956e-0194-1000-273b-8536838cfd62; retrieved 168 events with a total of 168 hits in 161 millis
2025-01-18 10:16:49,610 INFO [Checkpoint FlowFile Repository] o.a.n.c.r.WriteAheadFlowFileRepository Initiating checkpoint of FlowFile Repository
2025-01-18 10:16:49,616 INFO [Checkpoint FlowFile Repository] o.a.n.wali.SequentialAccessWriteAheadLog Checkpointed Write-Ahead Log with 0 Records and 0 Swap Files in 5 milliseconds (Stop-the-world time = 4 milliseconds), max Transaction ID 12440
2025-01-18 10:16:49,617 INFO [Checkpoint FlowFile Repository] o.a.n.c.r.WriteAheadFlowFileRepository Successfully checkpointed FlowFile Repository with 0 records in 6 milliseconds
2025-01-18 10:16:50,210 INFO [FileSystemRepository Workers Thread-2] o.a.n.c.repository.FileSystemRepository Successfully archived 7 Resource Claims for Container default in 2 millis
2025-01-18 10:17:09,617 INFO [Checkpoint FlowFile Repository] o.a.n.c.r.WriteAheadFlowFileRepository Initiating checkpoint of FlowFile Repository
2025-01-18 10:17:09,623 INFO [Checkpoint FlowFile Repository] o.a.n.wali.SequentialAccessWriteAheadLog Checkpointed Write-Ahead Log with 0 Records and 0 Swap Files in 5 milliseconds (Stop-the-world time = 3 milliseconds), max Transaction ID 13060
2025-01-18 10:17:09,623 INFO [Checkpoint FlowFile Repository] o.a.n.c.r.WriteAheadFlowFileRepository Successfully checkpointed FlowFile Repository with 0 records in 5 milliseconds
2025-01-18 10:17:10,213 INFO [FileSystemRepository Workers Thread-1] o.a.n.c.repository.FileSystemRepository Successfully archived 8 Resource Claims for Container default in 0 millis
2025-01-18 10:17:24,401 INFO [Cleanup Archive for default] o.a.n.c.repository.FileSystemRepository Successfully deleted 0 files (0 bytes) from archive
2025-01-18 10:17:24,401 INFO [Cleanup Archive for default] o.a.n.c.repository.FileSystemRepository Archive cleanup completed for container default; will now allow writing to this container. Bytes used = 55.41 GB, bytes free = 951.45 GB, capacity = 1,006.85 GB
2025-01-18 10:17:29,622 INFO [Checkpoint FlowFile Repository] o.a.n.c.r.WriteAheadFlowFileRepository Initiating checkpoint of FlowFile Repository
2025-01-18 10:17:29,629 INFO [Checkpoint FlowFile Repository] o.a.n.wali.SequentialAccessWriteAheadLog Checkpointed Write-Ahead Log with 0 Records and 0 Swap Files in 6 milliseconds (Stop-the-world time = 5 milliseconds), max Transaction ID 13680
2025-01-18 10:17:29,630 INFO [Checkpoint FlowFile Repository] o.a.n.c.r.WriteAheadFlowFileRepository Successfully checkpointed FlowFile Repository with 0 records in 7 milliseconds
2025-01-18 10:17:30,220 INFO [FileSystemRepository Workers Thread-3] o.a.n.c.repository.FileSystemRepository Successfully archived 7 Resource Claims for Container default in 2 millis
2025-01-18 10:17:34,491 INFO [Provenance Query-1] o.a.nifi.provenance.StandardQueryResult Completed Query[ [78de230e-0194-1000-3883-339d6f45aeee] ] comprised of 1 steps in 98 millis. Index found 203 hits. Read 203 events from Event Files.
2025-01-18 10:17:34,495 INFO [Provenance Query-1] o.a.n.provenance.index.lucene.QueryTask Successfully queried index ./provenance_repository/lucene-9-index-1737194584449 for query +processorId:78de230e-0194-1000-3883-339d6f45aeee; retrieved 203 events with a total of 203 hits in 75 millis
2025-01-18 10:17:49,628 INFO [Checkpoint FlowFile Repository] o.a.n.c.r.WriteAheadFlowFileRepository Initiating checkpoint of FlowFile Repository
2025-01-18 10:17:49,637 INFO [Checkpoint FlowFile Repository] o.a.n.wali.SequentialAccessWriteAheadLog Checkpointed Write-Ahead Log with 0 Records and 0 Swap Files in 7 milliseconds (Stop-the-world time = 5 milliseconds), max Transaction ID 14300
2025-01-18 10:17:49,637 INFO [Checkpoint FlowFile Repository] o.a.n.c.r.WriteAheadFlowFileRepository Successfully checkpointed FlowFile Repository with 0 records in 8 milliseconds
2025-01-18 10:17:50,225 INFO [FileSystemRepository Workers Thread-4] o.a.n.c.repository.FileSystemRepository Successfully archived 8 Resource Claims for Container default in 2 millis
2025-01-18 10:18:09,637 INFO [Checkpoint FlowFile Repository] o.a.n.c.r.WriteAheadFlowFileRepository Initiating checkpoint of FlowFile Repository
2025-01-18 10:18:09,646 INFO [Checkpoint FlowFile Repository] o.a.n.wali.SequentialAccessWriteAheadLog Checkpointed Write-Ahead Log with 0 Records and 0 Swap Files in 8 milliseconds (Stop-the-world time = 5 milliseconds), max Transaction ID 14920
2025-01-18 10:18:09,646 INFO [Checkpoint FlowFile Repository] o.a.n.c.r.WriteAheadFlowFileRepository Successfully checkpointed FlowFile Repository with 0 records in 8 milliseconds
2025-01-18 10:18:10,229 INFO [FileSystemRepository Workers Thread-4] o.a.n.c.repository.FileSystemRepository Successfully archived 7 Resource Claims for Container default in 1 millis
2025-01-18 10:18:12,107 INFO [Provenance Query-2] o.a.nifi.provenance.StandardQueryResult Completed Query[ [78e18772-0194-1000-808b-3086735abf06] ] comprised of 1 steps in 68 millis. Index found 1000 hits. Read 1000 events from Event Files.
2025-01-18 10:18:24,421 INFO [Cleanup Archive for default] o.a.n.c.repository.FileSystemRepository Successfully deleted 0 files (0 bytes) from archive
2025-01-18 10:18:24,422 INFO [Cleanup Archive for default] o.a.n.c.repository.FileSystemRepository Archive cleanup completed for container default; will now allow writing to this container. Bytes used = 55.41 GB, bytes free = 951.44 GB, capacity = 1,006.85 GB
2025-01-18 10:18:29,645 INFO [Checkpoint FlowFile Repository] o.a.n.c.r.WriteAheadFlowFileRepository Initiating checkpoint of FlowFile Repository
2025-01-18 10:18:29,658 INFO [Checkpoint FlowFile Repository] o.a.n.wali.SequentialAccessWriteAheadLog Checkpointed Write-Ahead Log with 0 Records and 0 Swap Files in 13 milliseconds (Stop-the-world time = 9 milliseconds), max Transaction ID 15540
2025-01-18 10:18:29,659 INFO [Checkpoint FlowFile Repository] o.a.n.c.r.WriteAheadFlowFileRepository Successfully checkpointed FlowFile Repository with 0 records in 14 milliseconds
2025-01-18 10:18:30,235 INFO [FileSystemRepository Workers Thread-4] o.a.n.c.repository.FileSystemRepository Successfully archived 8 Resource Claims for Container default in 0 millis
2025-01-18 10:18:49,659 INFO [Checkpoint FlowFile Repository] o.a.n.c.r.WriteAheadFlowFileRepository Initiating checkpoint of FlowFile Repository
2025-01-18 10:18:49,663 INFO [Checkpoint FlowFile Repository] o.a.n.wali.SequentialAccessWriteAheadLog Checkpointed Write-Ahead Log with 0 Records and 0 Swap Files in 2 milliseconds (Stop-the-world time = 1 milliseconds), max Transaction ID 16160
2025-01-18 10:18:49,663 INFO [Checkpoint FlowFile Repository] o.a.n.c.r.WriteAheadFlowFileRepository Successfully checkpointed FlowFile Repository with 0 records in 3 milliseconds
2025-01-18 10:18:50,240 INFO [FileSystemRepository Workers Thread-3] o.a.n.c.repository.FileSystemRepository Successfully archived 7 Resource Claims for Container default in 1 millis
2025-01-18 10:19:05,846 INFO [Provenance Query-1] o.a.nifi.provenance.StandardQueryResult Completed Query[ [78e2a45f-0194-1000-dd0e-4e47f08a9bc0] ] comprised of 1 steps in 22 millis. Index found 1000 hits. Read 1000 events from Event Files.
2025-01-18 10:19:09,663 INFO [Checkpoint FlowFile Repository] o.a.n.c.r.WriteAheadFlowFileRepository Initiating checkpoint of FlowFile Repository
2025-01-18 10:19:09,671 INFO [Checkpoint FlowFile Repository] o.a.n.wali.SequentialAccessWriteAheadLog Checkpointed Write-Ahead Log with 0 Records and 0 Swap Files in 6 milliseconds (Stop-the-world time = 5 milliseconds), max Transaction ID 16780
2025-01-18 10:19:09,671 INFO [Checkpoint FlowFile Repository] o.a.n.c.r.WriteAheadFlowFileRepository Successfully checkpointed FlowFile Repository with 0 records in 6 milliseconds
2025-01-18 10:19:10,243 INFO [FileSystemRepository Workers Thread-2] o.a.n.c.repository.FileSystemRepository Successfully archived 8 Resource Claims for Container default in 0 millis
2025-01-18 10:19:24,438 INFO [Cleanup Archive for default] o.a.n.c.repository.FileSystemRepository Successfully deleted 0 files (0 bytes) from archive
2025-01-18 10:19:24,438 INFO [Cleanup Archive for default] o.a.n.c.repository.FileSystemRepository Archive cleanup completed for container default; will now allow writing to this container. Bytes used = 55.42 GB, bytes free = 951.43 GB, capacity = 1,006.85 GB
2025-01-18 10:19:29,670 INFO [Checkpoint FlowFile Repository] o.a.n.c.r.WriteAheadFlowFileRepository Initiating checkpoint of FlowFile Repository
2025-01-18 10:19:29,675 INFO [Checkpoint FlowFile Repository] o.a.n.wali.SequentialAccessWriteAheadLog Checkpointed Write-Ahead Log with 0 Records and 0 Swap Files in 4 milliseconds (Stop-the-world time = 3 milliseconds), max Transaction ID 17400
2025-01-18 10:19:29,676 INFO [Checkpoint FlowFile Repository] o.a.n.c.r.WriteAheadFlowFileRepository Successfully checkpointed FlowFile Repository with 0 records in 5 milliseconds
2025-01-18 10:19:30,247 INFO [FileSystemRepository Workers Thread-4] o.a.n.c.repository.FileSystemRepository Successfully archived 7 Resource Claims for Container default in 0 millis
2025-01-18 10:19:49,674 INFO [Checkpoint FlowFile Repository] o.a.n.c.r.WriteAheadFlowFileRepository Initiating checkpoint of FlowFile Repository
2025-01-18 10:19:49,682 INFO [Checkpoint FlowFile Repository] o.a.n.wali.SequentialAccessWriteAheadLog Checkpointed Write-Ahead Log with 0 Records and 0 Swap Files in 6 milliseconds (Stop-the-world time = 5 milliseconds), max Transaction ID 18020
2025-01-18 10:19:49,682 INFO [Checkpoint FlowFile Repository] o.a.n.c.r.WriteAheadFlowFileRepository Successfully checkpointed FlowFile Repository with 0 records in 7 milliseconds
2025-01-18 10:19:50,252 INFO [FileSystemRepository Workers Thread-1] o.a.n.c.repository.FileSystemRepository Successfully archived 8 Resource Claims for Container default in 2 millis
2025-01-18 10:20:09,682 INFO [Checkpoint FlowFile Repository] o.a.n.c.r.WriteAheadFlowFileRepository Initiating checkpoint of FlowFile Repository
2025-01-18 10:20:09,687 INFO [Checkpoint FlowFile Repository] o.a.n.wali.SequentialAccessWriteAheadLog Checkpointed Write-Ahead Log with 0 Records and 0 Swap Files in 3 milliseconds (Stop-the-world time = 2 milliseconds), max Transaction ID 18640
2025-01-18 10:20:09,687 INFO [Checkpoint FlowFile Repository] o.a.n.c.r.WriteAheadFlowFileRepository Successfully checkpointed FlowFile Repository with 0 records in 4 milliseconds
2025-01-18 10:20:10,257 INFO [FileSystemRepository Workers Thread-1] o.a.n.c.repository.FileSystemRepository Successfully archived 7 Resource Claims for Container default in 1 millis
2025-01-18 10:20:24,457 INFO [Cleanup Archive for default] o.a.n.c.repository.FileSystemRepository Successfully deleted 0 files (0 bytes) from archive
2025-01-18 10:20:24,487 INFO [Cleanup Archive for default] o.a.n.c.repository.FileSystemRepository Archive cleanup completed for container default; will now allow writing to this container. Bytes used = 55.42 GB, bytes free = 951.43 GB, capacity = 1,006.85 GB
2025-01-18 10:20:29,686 INFO [Checkpoint FlowFile Repository] o.a.n.c.r.WriteAheadFlowFileRepository Initiating checkpoint of FlowFile Repository
2025-01-18 10:20:29,692 INFO [Checkpoint FlowFile Repository] o.a.n.wali.SequentialAccessWriteAheadLog Checkpointed Write-Ahead Log with 0 Records and 0 Swap Files in 5 milliseconds (Stop-the-world time = 3 milliseconds), max Transaction ID 19260
2025-01-18 10:20:29,693 INFO [Checkpoint FlowFile Repository] o.a.n.c.r.WriteAheadFlowFileRepository Successfully checkpointed FlowFile Repository with 0 records in 5 milliseconds
2025-01-18 10:20:30,262 INFO [FileSystemRepository Workers Thread-1] o.a.n.c.repository.FileSystemRepository Successfully archived 8 Resource Claims for Container default in 0 millis
2025-01-18 10:20:32,240 INFO [cluster-ClusterId{value='678b7de92a534755c503bd69', description='null'}-mongo:27017] org.mongodb.driver.cluster Exception in monitor thread while connecting to server mongo:27017
com.mongodb.MongoNodeIsRecoveringException: Command failed with error 11600 (InterruptedAtShutdown): 'interrupted at shutdown' on server mongo:27017. The full response is {"ok": 0.0, "errmsg": "interrupted at shutdown", "code": 11600, "codeName": "InterruptedAtShutdown"}
	at com.mongodb.internal.connection.ProtocolHelper.createSpecialException(ProtocolHelper.java:251)
	at com.mongodb.internal.connection.ProtocolHelper.getCommandFailureException(ProtocolHelper.java:201)
	at com.mongodb.internal.connection.InternalStreamConnection.receiveCommandMessageResponse(InternalStreamConnection.java:454)
	at com.mongodb.internal.connection.InternalStreamConnection.receive(InternalStreamConnection.java:404)
	at com.mongodb.internal.connection.DefaultServerMonitor$ServerMonitorRunnable.lookupServerDescription(DefaultServerMonitor.java:221)
	at com.mongodb.internal.connection.DefaultServerMonitor$ServerMonitorRunnable.run(DefaultServerMonitor.java:153)
	at java.base/java.lang.Thread.run(Thread.java:1583)
2025-01-18 10:20:33,263 INFO [Timer-Driven Process Thread-6] org.mongodb.driver.cluster No server chosen by WritableServerSelector from cluster description ClusterDescription{type=UNKNOWN, connectionMode=SINGLE, serverDescriptions=[ServerDescription{address=mongo:27017, type=UNKNOWN, state=CONNECTING, exception={com.mongodb.MongoNodeIsRecoveringException: Command failed with error 11600 (InterruptedAtShutdown): 'interrupted at shutdown' on server mongo:27017. The full response is {"ok": 0.0, "errmsg": "interrupted at shutdown", "code": 11600, "codeName": "InterruptedAtShutdown"}}}]}. Waiting for 30000 ms before timing out
2025-01-18 10:20:33,650 INFO [ShutdownCommand] o.a.nifi.runtime.command.ShutdownCommand Application shutdown started
2025-01-18 10:20:33,651 INFO [ShutdownCommand] o.a.n.runtime.StandardManagementServer Management Server stopped
2025-01-18 10:20:33,653 INFO [ShutdownCommand] org.eclipse.jetty.server.Server Stopped oejs.Server@48a2db72{STOPPING}[12.0.16,sto=0]
2025-01-18 10:20:33,657 INFO [ShutdownCommand] o.eclipse.jetty.server.AbstractConnector Stopped ServerConnector@55e40059{SSL, (ssl, alpn, h2, http/1.1)}{a738cef11757:8443}
2025-01-18 10:20:33,721 INFO [ShutdownCommand] o.e.j.ee10.servlet.ServletContextHandler Stopped oeje10w.WebAppContext@cdeb5f5{/nifi,/nifi,b=null,a=AVAILABLE,h=oeje10s.SessionHandler@36f2bb92{STOPPED}}{./work/nar/extensions/nifi-server-nar-2.1.0.nar-unpacked/NAR-INF/bundled-dependencies/nifi-ui-2.1.0.war}
2025-01-18 10:20:33,742 INFO [ShutdownCommand] o.a.n.w.c.ApplicationStartupContextListener Flow Service shutdown started
2025-01-18 10:20:33,743 INFO [ShutdownCommand] o.apache.nifi.controller.FlowController Initiating shutdown of FlowController...
2025-01-18 10:20:33,745 INFO [ShutdownCommand] o.a.n.c.s.StandardProcessScheduler Stopping PutMongo[id=78e2a45f-0194-1000-dd0e-4e47f08a9bc0]
2025-01-18 10:20:33,745 INFO [Timer-Driven Process Thread-7] o.a.n.c.s.TimerDrivenSchedulingAgent Stopped scheduling PutMongo[id=78e2a45f-0194-1000-dd0e-4e47f08a9bc0] to run
2025-01-18 10:20:33,748 INFO [ShutdownCommand] o.a.n.c.s.StandardProcessScheduler Stopping InvokeHTTP[id=78dc956e-0194-1000-273b-8536838cfd62]
2025-01-18 10:20:33,748 INFO [ShutdownCommand] o.a.n.c.s.StandardProcessScheduler Stopping SplitJson[id=78e18772-0194-1000-808b-3086735abf06]
2025-01-18 10:20:33,748 INFO [Timer-Driven Process Thread-1] o.a.n.c.s.TimerDrivenSchedulingAgent Stopped scheduling InvokeHTTP[id=78dc956e-0194-1000-273b-8536838cfd62] to run
2025-01-18 10:20:33,749 INFO [Timer-Driven Process Thread-8] o.a.n.c.s.TimerDrivenSchedulingAgent Stopped scheduling SplitJson[id=78e18772-0194-1000-808b-3086735abf06] to run
2025-01-18 10:20:33,749 INFO [ShutdownCommand] o.a.n.c.s.StandardProcessScheduler Stopping UpdateRecord[id=78de230e-0194-1000-3883-339d6f45aeee]
2025-01-18 10:20:33,750 INFO [Timer-Driven Process Thread-8] o.a.n.controller.StandardProcessorNode SplitJson[id=78e18772-0194-1000-808b-3086735abf06] has completely stopped. Completing any associated Futures.
2025-01-18 10:20:33,750 INFO [Timer-Driven Process Thread-4] o.a.n.c.s.TimerDrivenSchedulingAgent Stopped scheduling UpdateRecord[id=78de230e-0194-1000-3883-339d6f45aeee] to run
2025-01-18 10:20:33,750 INFO [Timer-Driven Process Thread-4] o.a.n.controller.StandardProcessorNode UpdateRecord[id=78de230e-0194-1000-3883-339d6f45aeee] has completely stopped. Completing any associated Futures.
2025-01-18 10:20:34,344 INFO [cluster-ClusterId{value='678b7de92a534755c503bd69', description='null'}-mongo:27017] org.mongodb.driver.cluster Exception in monitor thread while connecting to server mongo:27017
com.mongodb.MongoSocketException: mongo: No address associated with hostname
	at com.mongodb.ServerAddress.getSocketAddresses(ServerAddress.java:221)
	at com.mongodb.internal.connection.ServerAddressWithResolver.getSocketAddresses(ServerAddressWithResolver.java:68)
	at com.mongodb.internal.connection.SocketStream.initializeSocket(SocketStream.java:100)
	at com.mongodb.internal.connection.SocketStream.open(SocketStream.java:78)
	at com.mongodb.internal.connection.InternalStreamConnection.open(InternalStreamConnection.java:211)
	at com.mongodb.internal.connection.DefaultServerMonitor$ServerMonitorRunnable.lookupServerDescription(DefaultServerMonitor.java:193)
	at com.mongodb.internal.connection.DefaultServerMonitor$ServerMonitorRunnable.run(DefaultServerMonitor.java:153)
	at java.base/java.lang.Thread.run(Thread.java:1583)
Caused by: java.net.UnknownHostException: mongo: No address associated with hostname
	at java.base/java.net.Inet6AddressImpl.lookupAllHostAddr(Native Method)
	at java.base/java.net.Inet6AddressImpl.lookupAllHostAddr(Inet6AddressImpl.java:52)
	at java.base/java.net.InetAddress$PlatformResolver.lookupByName(InetAddress.java:1211)
	at java.base/java.net.InetAddress.getAddressesFromNameService(InetAddress.java:1828)
	at java.base/java.net.InetAddress$NameServiceAddresses.get(InetAddress.java:1139)
	at java.base/java.net.InetAddress.getAllByName0(InetAddress.java:1818)
	at java.base/java.net.InetAddress.getAllByName(InetAddress.java:1688)
	at com.mongodb.ServerAddress.getSocketAddresses(ServerAddress.java:213)
	... 7 common frames omitted
2025-01-18 10:20:34,845 INFO [cluster-ClusterId{value='678b7de92a534755c503bd69', description='null'}-mongo:27017] org.mongodb.driver.cluster Exception in monitor thread while connecting to server mongo:27017
com.mongodb.MongoSocketException: mongo
	at com.mongodb.ServerAddress.getSocketAddresses(ServerAddress.java:221)
	at com.mongodb.internal.connection.ServerAddressWithResolver.getSocketAddresses(ServerAddressWithResolver.java:68)
	at com.mongodb.internal.connection.SocketStream.initializeSocket(SocketStream.java:100)
	at com.mongodb.internal.connection.SocketStream.open(SocketStream.java:78)
	at com.mongodb.internal.connection.InternalStreamConnection.open(InternalStreamConnection.java:211)
	at com.mongodb.internal.connection.DefaultServerMonitor$ServerMonitorRunnable.lookupServerDescription(DefaultServerMonitor.java:193)
	at com.mongodb.internal.connection.DefaultServerMonitor$ServerMonitorRunnable.run(DefaultServerMonitor.java:153)
	at java.base/java.lang.Thread.run(Thread.java:1583)
Caused by: java.net.UnknownHostException: mongo
	at java.base/java.net.InetAddress$CachedLookup.get(InetAddress.java:988)
	at java.base/java.net.InetAddress.getAllByName0(InetAddress.java:1818)
	at java.base/java.net.InetAddress.getAllByName(InetAddress.java:1688)
	at com.mongodb.ServerAddress.getSocketAddresses(ServerAddress.java:213)
	... 7 common frames omitted
2025-01-18 10:20:37,257 INFO [Timer-Driven Process Thread-10] o.a.n.controller.StandardProcessorNode InvokeHTTP[id=78dc956e-0194-1000-273b-8536838cfd62] has completely stopped. Completing any associated Futures.
